{
  message: '[ERROR] - Status: 400 - Message: Model is empty',
  level: 'error',
  timestamp: '13:11:20 30/11/2022'
}
{
  message: '[ERROR] - Status: 400 - Message: Model is empty',
  level: 'error',
  timestamp: '13:11:59 30/11/2022'
}
{
  message: '[ERROR] - Status: 400 - Message: Model is empty',
  level: 'error',
  timestamp: '13:11:33 30/11/2022'
}
{
  message: '[ERROR] - Status: 400 - Message: Model is empty',
  level: 'error',
  timestamp: '13:11:88 30/11/2022'
}
{
  message: '[ERROR] - Status: 400 - Message: Model is empty',
  level: 'error',
  timestamp: '13:11:60 30/11/2022'
}
{
  message: '[ERROR] - Status: 409 - Message: Email kimloc1000@gmail.com ready exist',
  level: 'error',
  timestamp: '14:11:19 30/11/2022'
}
{
  message: '[ERROR] - Status: 409 - Message: Email kimloc1000@gmail.com ready exist',
  level: 'error',
  timestamp: '15:11:83 30/11/2022'
}
{
  message: '[ERROR] - Status: 500 - Message: next is not a function',
  level: 'error',
  timestamp: '15:11:05 30/11/2022'
}
